<?xml version="1.0" encoding="UTF-8"?>
<coverage generated="1560342768935" clover="3.2.0">
  <project timestamp="1560342768936" name="All files">
    <metrics statements="57" coveredstatements="13" conditionals="18" coveredconditionals="2" methods="16" coveredmethods="2" elements="91" coveredelements="17" complexity="0" loc="57" ncloc="57" packages="1" files="1" classes="1"/>
    <file name="frame_feed.js" path="C:\Users\amcdevitt\Documents\LookingAtYou\lookingatyou\static\js\frame_feed.js">
      <metrics statements="57" coveredstatements="13" conditionals="18" coveredconditionals="2" methods="16" coveredmethods="2"/>
      <line num="8" count="2" type="stmt"/>
      <line num="10" count="0" type="stmt"/>
      <line num="12" count="0" type="stmt"/>
      <line num="14" count="0" type="stmt"/>
      <line num="15" count="0" type="stmt"/>
      <line num="16" count="0" type="stmt"/>
      <line num="19" count="0" type="stmt"/>
      <line num="21" count="0" type="cond" truecount="0" falsecount="2"/>
      <line num="22" count="0" type="stmt"/>
      <line num="23" count="0" type="stmt"/>
      <line num="26" count="0" type="cond" truecount="0" falsecount="2"/>
      <line num="27" count="0" type="stmt"/>
      <line num="28" count="0" type="stmt"/>
      <line num="33" count="0" type="stmt"/>
      <line num="35" count="0" type="stmt"/>
      <line num="36" count="0" type="stmt"/>
      <line num="42" count="0" type="stmt"/>
      <line num="44" count="0" type="stmt"/>
      <line num="45" count="0" type="stmt"/>
      <line num="46" count="0" type="stmt"/>
      <line num="47" count="0" type="stmt"/>
      <line num="48" count="0" type="stmt"/>
      <line num="49" count="0" type="stmt"/>
      <line num="50" count="0" type="stmt"/>
      <line num="51" count="0" type="stmt"/>
      <line num="52" count="0" type="cond" truecount="0" falsecount="4"/>
      <line num="53" count="0" type="stmt"/>
      <line num="60" count="0" type="stmt"/>
      <line num="61" count="0" type="stmt"/>
      <line num="62" count="0" type="cond" truecount="0" falsecount="2"/>
      <line num="63" count="0" type="stmt"/>
      <line num="64" count="0" type="cond" truecount="0" falsecount="2"/>
      <line num="65" count="0" type="stmt"/>
      <line num="67" count="0" type="cond" truecount="0" falsecount="2"/>
      <line num="68" count="0" type="stmt"/>
      <line num="73" count="5" type="stmt"/>
      <line num="74" count="7" type="cond" truecount="2" falsecount="0"/>
      <line num="75" count="3" type="stmt"/>
      <line num="77" count="2" type="stmt"/>
      <line num="81" count="0" type="stmt"/>
      <line num="82" count="0" type="stmt"/>
      <line num="83" count="0" type="cond" truecount="0" falsecount="2"/>
      <line num="85" count="0" type="stmt"/>
      <line num="86" count="0" type="stmt"/>
      <line num="92" count="0" type="stmt"/>
      <line num="93" count="0" type="stmt"/>
      <line num="94" count="0" type="stmt"/>
      <line num="95" count="0" type="stmt"/>
      <line num="96" count="0" type="stmt"/>
      <line num="101" count="4" type="stmt"/>
      <line num="102" count="4" type="stmt"/>
      <line num="103" count="4" type="stmt"/>
      <line num="105" count="4" type="stmt"/>
      <line num="106" count="4" type="stmt"/>
      <line num="107" count="4" type="stmt"/>
      <line num="109" count="4" type="stmt"/>
      <line num="112" count="2" type="stmt"/>
    </file>
  </project>
</coverage>
