{"C:\\Users\\amcdevitt\\Documents\\LookingAtYou\\lookingatyou\\static\\js\\frame_feed.js": {"path":"C:\\Users\\amcdevitt\\Documents\\LookingAtYou\\lookingatyou\\static\\js\\frame_feed.js","statementMap":{"0":{"start":{"line":8,"column":0},"end":{"line":38,"column":1}},"1":{"start":{"line":10,"column":4},"end":{"line":10,"column":15}},"2":{"start":{"line":12,"column":4},"end":{"line":37,"column":11}},"3":{"start":{"line":14,"column":12},"end":{"line":16,"column":62}},"4":{"start":{"line":15,"column":38},"end":{"line":15,"column":74}},"5":{"start":{"line":16,"column":35},"end":{"line":16,"column":58}},"6":{"start":{"line":19,"column":12},"end":{"line":19,"column":43}},"7":{"start":{"line":21,"column":12},"end":{"line":24,"column":13}},"8":{"start":{"line":22,"column":16},"end":{"line":22,"column":90}},"9":{"start":{"line":23,"column":16},"end":{"line":23,"column":23}},"10":{"start":{"line":26,"column":12},"end":{"line":29,"column":13}},"11":{"start":{"line":27,"column":16},"end":{"line":27,"column":79}},"12":{"start":{"line":28,"column":16},"end":{"line":28,"column":73}},"13":{"start":{"line":33,"column":12},"end":{"line":33,"column":68}},"14":{"start":{"line":33,"column":47},"end":{"line":33,"column":65}},"15":{"start":{"line":35,"column":12},"end":{"line":35,"column":107}},"16":{"start":{"line":36,"column":12},"end":{"line":36,"column":36}},"17":{"start":{"line":42,"column":17},"end":{"line":42,"column":19}},"18":{"start":{"line":44,"column":4},"end":{"line":55,"column":6}},"19":{"start":{"line":45,"column":8},"end":{"line":54,"column":11}},"20":{"start":{"line":46,"column":24},"end":{"line":46,"column":55}},"21":{"start":{"line":47,"column":12},"end":{"line":47,"column":34}},"22":{"start":{"line":48,"column":12},"end":{"line":48,"column":37}},"23":{"start":{"line":49,"column":12},"end":{"line":49,"column":75}},"24":{"start":{"line":50,"column":12},"end":{"line":50,"column":73}},"25":{"start":{"line":51,"column":12},"end":{"line":51,"column":31}},"26":{"start":{"line":52,"column":22},"end":{"line":52,"column":85}},"27":{"start":{"line":53,"column":12},"end":{"line":53,"column":101}},"28":{"start":{"line":53,"column":38},"end":{"line":53,"column":85}},"29":{"start":{"line":60,"column":4},"end":{"line":69,"column":6}},"30":{"start":{"line":61,"column":26},"end":{"line":61,"column":55}},"31":{"start":{"line":62,"column":8},"end":{"line":66,"column":9}},"32":{"start":{"line":63,"column":12},"end":{"line":63,"column":81}},"33":{"start":{"line":64,"column":12},"end":{"line":65,"column":86}},"34":{"start":{"line":65,"column":16},"end":{"line":65,"column":86}},"35":{"start":{"line":67,"column":8},"end":{"line":68,"column":53}},"36":{"start":{"line":68,"column":12},"end":{"line":68,"column":53}},"37":{"start":{"line":73,"column":4},"end":{"line":76,"column":5}},"38":{"start":{"line":74,"column":8},"end":{"line":75,"column":42}},"39":{"start":{"line":75,"column":12},"end":{"line":75,"column":42}},"40":{"start":{"line":77,"column":4},"end":{"line":77,"column":16}},"41":{"start":{"line":81,"column":14},"end":{"line":81,"column":37}},"42":{"start":{"line":82,"column":4},"end":{"line":82,"column":60}},"43":{"start":{"line":83,"column":4},"end":{"line":87,"column":5}},"44":{"start":{"line":85,"column":20},"end":{"line":85,"column":95}},"45":{"start":{"line":86,"column":8},"end":{"line":86,"column":49}},"46":{"start":{"line":92,"column":4},"end":{"line":92,"column":20}},"47":{"start":{"line":93,"column":4},"end":{"line":93,"column":25}},"48":{"start":{"line":94,"column":4},"end":{"line":94,"column":28}},"49":{"start":{"line":95,"column":4},"end":{"line":95,"column":135}},"50":{"start":{"line":96,"column":4},"end":{"line":96,"column":17}},"51":{"start":{"line":101,"column":12},"end":{"line":101,"column":47}},"52":{"start":{"line":102,"column":4},"end":{"line":102,"column":30}},"53":{"start":{"line":103,"column":4},"end":{"line":103,"column":30}},"54":{"start":{"line":105,"column":12},"end":{"line":105,"column":47}},"55":{"start":{"line":106,"column":4},"end":{"line":106,"column":31}},"56":{"start":{"line":107,"column":4},"end":{"line":107,"column":31}},"57":{"start":{"line":109,"column":4},"end":{"line":109,"column":18}},"58":{"start":{"line":112,"column":0},"end":{"line":112,"column":66}}},"fnMap":{"0":{"name":"(anonymous_0)","decl":{"start":{"line":8,"column":16},"end":{"line":8,"column":17}},"loc":{"start":{"line":8,"column":28},"end":{"line":38,"column":1}},"line":8},"1":{"name":"(anonymous_1)","decl":{"start":{"line":13,"column":14},"end":{"line":13,"column":15}},"loc":{"start":{"line":13,"column":27},"end":{"line":17,"column":9}},"line":13},"2":{"name":"(anonymous_2)","decl":{"start":{"line":15,"column":24},"end":{"line":15,"column":25}},"loc":{"start":{"line":15,"column":36},"end":{"line":15,"column":76}},"line":15},"3":{"name":"(anonymous_3)","decl":{"start":{"line":16,"column":21},"end":{"line":16,"column":22}},"loc":{"start":{"line":16,"column":33},"end":{"line":16,"column":60}},"line":16},"4":{"name":"(anonymous_4)","decl":{"start":{"line":18,"column":14},"end":{"line":18,"column":15}},"loc":{"start":{"line":18,"column":29},"end":{"line":37,"column":9}},"line":18},"5":{"name":"(anonymous_5)","decl":{"start":{"line":33,"column":32},"end":{"line":33,"column":33}},"loc":{"start":{"line":33,"column":45},"end":{"line":33,"column":67}},"line":33},"6":{"name":"setupWebcams","decl":{"start":{"line":41,"column":9},"end":{"line":41,"column":21}},"loc":{"start":{"line":41,"column":33},"end":{"line":56,"column":1}},"line":41},"7":{"name":"(anonymous_7)","decl":{"start":{"line":44,"column":22},"end":{"line":44,"column":23}},"loc":{"start":{"line":44,"column":50},"end":{"line":55,"column":5}},"line":44},"8":{"name":"(anonymous_8)","decl":{"start":{"line":45,"column":82},"end":{"line":45,"column":83}},"loc":{"start":{"line":45,"column":94},"end":{"line":54,"column":9}},"line":45},"9":{"name":"(anonymous_9)","decl":{"start":{"line":53,"column":24},"end":{"line":53,"column":25}},"loc":{"start":{"line":53,"column":36},"end":{"line":53,"column":87}},"line":53},"10":{"name":"processFrame","decl":{"start":{"line":59,"column":9},"end":{"line":59,"column":21}},"loc":{"start":{"line":59,"column":42},"end":{"line":70,"column":1}},"line":59},"11":{"name":"(anonymous_11)","decl":{"start":{"line":60,"column":29},"end":{"line":60,"column":30}},"loc":{"start":{"line":60,"column":43},"end":{"line":69,"column":5}},"line":60},"12":{"name":"getTrackingTarget","decl":{"start":{"line":72,"column":9},"end":{"line":72,"column":26}},"loc":{"start":{"line":72,"column":39},"end":{"line":78,"column":1}},"line":72},"13":{"name":"updateCanvas","decl":{"start":{"line":80,"column":9},"end":{"line":80,"column":21}},"loc":{"start":{"line":80,"column":50},"end":{"line":89,"column":1}},"line":80},"14":{"name":"drawBoundingBox","decl":{"start":{"line":91,"column":9},"end":{"line":91,"column":24}},"loc":{"start":{"line":91,"column":50},"end":{"line":97,"column":1}},"line":91},"15":{"name":"getNormalisedCentrePointOf","decl":{"start":{"line":100,"column":9},"end":{"line":100,"column":35}},"loc":{"start":{"line":100,"column":56},"end":{"line":110,"column":1}},"line":100}},"branchMap":{"0":{"loc":{"start":{"line":21,"column":12},"end":{"line":24,"column":13}},"type":"if","locations":[{"start":{"line":21,"column":12},"end":{"line":24,"column":13}},{"start":{"line":21,"column":12},"end":{"line":24,"column":13}}],"line":21},"1":{"loc":{"start":{"line":26,"column":12},"end":{"line":29,"column":13}},"type":"if","locations":[{"start":{"line":26,"column":12},"end":{"line":29,"column":13}},{"start":{"line":26,"column":12},"end":{"line":29,"column":13}}],"line":26},"2":{"loc":{"start":{"line":52,"column":22},"end":{"line":52,"column":85}},"type":"cond-expr","locations":[{"start":{"line":52,"column":63},"end":{"line":52,"column":72}},{"start":{"line":52,"column":75},"end":{"line":52,"column":85}}],"line":52},"3":{"loc":{"start":{"line":52,"column":23},"end":{"line":52,"column":59}},"type":"binary-expr","locations":[{"start":{"line":52,"column":23},"end":{"line":52,"column":39}},{"start":{"line":52,"column":43},"end":{"line":52,"column":59}}],"line":52},"4":{"loc":{"start":{"line":62,"column":8},"end":{"line":66,"column":9}},"type":"if","locations":[{"start":{"line":62,"column":8},"end":{"line":66,"column":9}},{"start":{"line":62,"column":8},"end":{"line":66,"column":9}}],"line":62},"5":{"loc":{"start":{"line":64,"column":12},"end":{"line":65,"column":86}},"type":"if","locations":[{"start":{"line":64,"column":12},"end":{"line":65,"column":86}},{"start":{"line":64,"column":12},"end":{"line":65,"column":86}}],"line":64},"6":{"loc":{"start":{"line":67,"column":8},"end":{"line":68,"column":53}},"type":"if","locations":[{"start":{"line":67,"column":8},"end":{"line":68,"column":53}},{"start":{"line":67,"column":8},"end":{"line":68,"column":53}}],"line":67},"7":{"loc":{"start":{"line":74,"column":8},"end":{"line":75,"column":42}},"type":"if","locations":[{"start":{"line":74,"column":8},"end":{"line":75,"column":42}},{"start":{"line":74,"column":8},"end":{"line":75,"column":42}}],"line":74},"8":{"loc":{"start":{"line":83,"column":4},"end":{"line":87,"column":5}},"type":"if","locations":[{"start":{"line":83,"column":4},"end":{"line":87,"column":5}},{"start":{"line":83,"column":4},"end":{"line":87,"column":5}}],"line":83}},"s":{"0":2,"1":0,"2":0,"3":0,"4":0,"5":0,"6":0,"7":0,"8":0,"9":0,"10":0,"11":0,"12":0,"13":0,"14":0,"15":0,"16":0,"17":0,"18":0,"19":0,"20":0,"21":0,"22":0,"23":0,"24":0,"25":0,"26":0,"27":0,"28":0,"29":0,"30":0,"31":0,"32":0,"33":0,"34":0,"35":0,"36":0,"37":5,"38":7,"39":3,"40":2,"41":0,"42":0,"43":0,"44":0,"45":0,"46":0,"47":0,"48":0,"49":0,"50":0,"51":4,"52":4,"53":4,"54":4,"55":4,"56":4,"57":4,"58":2},"f":{"0":0,"1":0,"2":0,"3":0,"4":0,"5":0,"6":0,"7":0,"8":0,"9":0,"10":0,"11":0,"12":5,"13":0,"14":0,"15":4},"b":{"0":[0,0],"1":[0,0],"2":[0,0],"3":[0,0],"4":[0,0],"5":[0,0],"6":[0,0],"7":[3,4],"8":[0,0]},"_coverageSchema":"43e27e138ebf9cfc5966b082cf9a028302ed4184","hash":"290c9e70c7459a7b2facbb61852a3fc41a9b64c1"}
}
