TN:
SF:C:\Users\amcdevitt\Documents\LookingAtYou\lookingatyou\static\js\frame_feed.js
FN:8,(anonymous_0)
FN:13,(anonymous_1)
FN:15,(anonymous_2)
FN:16,(anonymous_3)
FN:18,(anonymous_4)
FN:33,(anonymous_5)
FN:41,setupWebcams
FN:44,(anonymous_7)
FN:45,(anonymous_8)
FN:53,(anonymous_9)
FN:59,processFrame
FN:60,(anonymous_11)
FN:72,getTrackingTarget
FN:80,updateCanvas
FN:91,drawBoundingBox
FN:100,getNormalisedCentrePointOf
FNF:16
FNH:2
FNDA:0,(anonymous_0)
FNDA:0,(anonymous_1)
FNDA:0,(anonymous_2)
FNDA:0,(anonymous_3)
FNDA:0,(anonymous_4)
FNDA:0,(anonymous_5)
FNDA:0,setupWebcams
FNDA:0,(anonymous_7)
FNDA:0,(anonymous_8)
FNDA:0,(anonymous_9)
FNDA:0,processFrame
FNDA:0,(anonymous_11)
FNDA:5,getTrackingTarget
FNDA:0,updateCanvas
FNDA:0,drawBoundingBox
FNDA:4,getNormalisedCentrePointOf
DA:8,2
DA:10,0
DA:12,0
DA:14,0
DA:15,0
DA:16,0
DA:19,0
DA:21,0
DA:22,0
DA:23,0
DA:26,0
DA:27,0
DA:28,0
DA:33,0
DA:35,0
DA:36,0
DA:42,0
DA:44,0
DA:45,0
DA:46,0
DA:47,0
DA:48,0
DA:49,0
DA:50,0
DA:51,0
DA:52,0
DA:53,0
DA:60,0
DA:61,0
DA:62,0
DA:63,0
DA:64,0
DA:65,0
DA:67,0
DA:68,0
DA:73,5
DA:74,7
DA:75,3
DA:77,2
DA:81,0
DA:82,0
DA:83,0
DA:85,0
DA:86,0
DA:92,0
DA:93,0
DA:94,0
DA:95,0
DA:96,0
DA:101,4
DA:102,4
DA:103,4
DA:105,4
DA:106,4
DA:107,4
DA:109,4
DA:112,2
LF:57
LH:13
BRDA:21,0,0,0
BRDA:21,0,1,0
BRDA:26,1,0,0
BRDA:26,1,1,0
BRDA:52,2,0,0
BRDA:52,2,1,0
BRDA:52,3,0,0
BRDA:52,3,1,0
BRDA:62,4,0,0
BRDA:62,4,1,0
BRDA:64,5,0,0
BRDA:64,5,1,0
BRDA:67,6,0,0
BRDA:67,6,1,0
BRDA:74,7,0,3
BRDA:74,7,1,4
BRDA:83,8,0,0
BRDA:83,8,1,0
BRF:18
BRH:2
end_of_record
